<?xml version="1.0" encoding="UTF-8"?>
<!-- Generated by org.testng.reporters.JUnitReportReporter -->
<testsuite hostname="Madhan" name="com.accenture.selenium.Launch" tests="1" failures="0" timestamp="31 May 2020 03:25:59 GMT" time="6.712" errors="1">
  <testcase name="launch" time="6.712" classname="com.accenture.selenium.Launch">
    <error type="org.openqa.selenium.SessionNotCreatedException" message="session not created: This version of ChromeDriver only supports Chrome version 81
Build info: version: &#039;3.141.59&#039;, revision: &#039;e82be7d358&#039;, time: &#039;2018-11-14T08:17:03&#039;
System info: host: &#039;MADHAN&#039;, ip: &#039;192.168.43.84&#039;, os.name: &#039;Windows 10&#039;, os.arch: &#039;amd64&#039;, os.version: &#039;10.0&#039;, java.version: &#039;1.8.0_241&#039;
Driver info: driver.version: ChromeDriver
remote stacktrace: Backtrace:
	Ordinal0 [0x00E65E93+2449043]
	Ordinal0 [0x00D98281+1606273]
	Ordinal0 [0x00C8F889+522377]
	Ordinal0 [0x00C205F3+67059]
	Ordinal0 [0x00C1CD92+52626]
	Ordinal0 [0x00C3C127+180519]
	Ordinal0 [0x00C3BF2D+180013]
	Ordinal0 [0x00C39E5B+171611]
	Ordinal0 [0x00C21DD8+73176]
	Ordinal0 [0x00C22E50+77392]
	Ordinal0 [0x00C22DE9+77289]
	Ordinal0 [0x00DAD7F7+1693687]
	GetHandleVerifier [0x00F04576+522742]
	GetHandleVerifier [0x00F042B4+522036]
	GetHandleVerifier [0x00F19587+608775]
	GetHandleVerifier [0x00F04DE6+524902]
	Ordinal0 [0x00DA5BDC+1661916]
	Ordinal0 [0x00DAF15B+1700187]
	Ordinal0 [0x00DAF2C3+1700547]
	Ordinal0 [0x00DC5135+1790261]
	BaseThreadInitThunk [0x76F4F989+25]
	RtlGetAppContainerNamedObjectPath [0x77097084+228]
	RtlGetAppContainerNamedObjectPath [0x77097054+180]
">
      <![CDATA[org.openqa.selenium.SessionNotCreatedException: session not created: This version of ChromeDriver only supports Chrome version 81
Build info: version: '3.141.59', revision: 'e82be7d358', time: '2018-11-14T08:17:03'
System info: host: 'MADHAN', ip: '192.168.43.84', os.name: 'Windows 10', os.arch: 'amd64', os.version: '10.0', java.version: '1.8.0_241'
Driver info: driver.version: ChromeDriver
remote stacktrace: Backtrace:
	Ordinal0 [0x00E65E93+2449043]
	Ordinal0 [0x00D98281+1606273]
	Ordinal0 [0x00C8F889+522377]
	Ordinal0 [0x00C205F3+67059]
	Ordinal0 [0x00C1CD92+52626]
	Ordinal0 [0x00C3C127+180519]
	Ordinal0 [0x00C3BF2D+180013]
	Ordinal0 [0x00C39E5B+171611]
	Ordinal0 [0x00C21DD8+73176]
	Ordinal0 [0x00C22E50+77392]
	Ordinal0 [0x00C22DE9+77289]
	Ordinal0 [0x00DAD7F7+1693687]
	GetHandleVerifier [0x00F04576+522742]
	GetHandleVerifier [0x00F042B4+522036]
	GetHandleVerifier [0x00F19587+608775]
	GetHandleVerifier [0x00F04DE6+524902]
	Ordinal0 [0x00DA5BDC+1661916]
	Ordinal0 [0x00DAF15B+1700187]
	Ordinal0 [0x00DAF2C3+1700547]
	Ordinal0 [0x00DC5135+1790261]
	BaseThreadInitThunk [0x76F4F989+25]
	RtlGetAppContainerNamedObjectPath [0x77097084+228]
	RtlGetAppContainerNamedObjectPath [0x77097054+180]

	at sun.reflect.NativeConstructorAccessorImpl.newInstance0(Native Method)
	at sun.reflect.NativeConstructorAccessorImpl.newInstance(Unknown Source)
	at sun.reflect.DelegatingConstructorAccessorImpl.newInstance(Unknown Source)
	at java.lang.reflect.Constructor.newInstance(Unknown Source)
	at org.openqa.selenium.remote.W3CHandshakeResponse.lambda$errorHandler$0(W3CHandshakeResponse.java:62)
	at org.openqa.selenium.remote.HandshakeResponse.lambda$getResponseFunction$0(HandshakeResponse.java:30)
	at org.openqa.selenium.remote.ProtocolHandshake.lambda$createSession$0(ProtocolHandshake.java:126)
	at java.util.stream.ReferencePipeline$3$1.accept(Unknown Source)
	at java.util.Spliterators$ArraySpliterator.tryAdvance(Unknown Source)
	at java.util.stream.ReferencePipeline.forEachWithCancel(Unknown Source)
	at java.util.stream.AbstractPipeline.copyIntoWithCancel(Unknown Source)
	at java.util.stream.AbstractPipeline.copyInto(Unknown Source)
	at java.util.stream.AbstractPipeline.wrapAndCopyInto(Unknown Source)
	at java.util.stream.FindOps$FindOp.evaluateSequential(Unknown Source)
	at java.util.stream.AbstractPipeline.evaluate(Unknown Source)
	at java.util.stream.ReferencePipeline.findFirst(Unknown Source)
	at org.openqa.selenium.remote.ProtocolHandshake.createSession(ProtocolHandshake.java:128)
	at org.openqa.selenium.remote.ProtocolHandshake.createSession(ProtocolHandshake.java:74)
	at org.openqa.selenium.remote.HttpCommandExecutor.execute(HttpCommandExecutor.java:136)
	at org.openqa.selenium.remote.service.DriverCommandExecutor.execute(DriverCommandExecutor.java:83)
	at org.openqa.selenium.remote.RemoteWebDriver.execute(RemoteWebDriver.java:552)
	at org.openqa.selenium.remote.RemoteWebDriver.startSession(RemoteWebDriver.java:213)
	at org.openqa.selenium.remote.RemoteWebDriver.<init>(RemoteWebDriver.java:131)
	at org.openqa.selenium.chrome.ChromeDriver.<init>(ChromeDriver.java:181)
	at org.openqa.selenium.chrome.ChromeDriver.<init>(ChromeDriver.java:168)
	at org.openqa.selenium.chrome.ChromeDriver.<init>(ChromeDriver.java:123)
	at com.accenture.selenium.Launch.launch(Launch.java:12)
	at sun.reflect.NativeMethodAccessorImpl.invoke0(Native Method)
	at sun.reflect.NativeMethodAccessorImpl.invoke(Unknown Source)
	at sun.reflect.DelegatingMethodAccessorImpl.invoke(Unknown Source)
	at java.lang.reflect.Method.invoke(Unknown Source)
	at org.testng.internal.MethodInvocationHelper.invokeMethod(MethodInvocationHelper.java:86)
	at org.testng.internal.Invoker.invokeMethod(Invoker.java:645)
	at org.testng.internal.Invoker.invokeTestMethod(Invoker.java:822)
	at org.testng.internal.Invoker.invokeTestMethods(Invoker.java:1130)
	at org.testng.internal.TestMethodWorker.invokeTestMethods(TestMethodWorker.java:129)
	at org.testng.internal.TestMethodWorker.run(TestMethodWorker.java:112)
	at org.testng.TestRunner.privateRun(TestRunner.java:782)
	at org.testng.TestRunner.run(TestRunner.java:632)
	at org.testng.SuiteRunner.runTest(SuiteRunner.java:366)
	at org.testng.SuiteRunner.runSequentially(SuiteRunner.java:361)
	at org.testng.SuiteRunner.privateRun(SuiteRunner.java:319)
	at org.testng.SuiteRunner.run(SuiteRunner.java:268)
	at org.testng.SuiteRunnerWorker.runSuite(SuiteRunnerWorker.java:52)
	at org.testng.SuiteRunnerWorker.run(SuiteRunnerWorker.java:86)
	at org.testng.TestNG.runSuitesSequentially(TestNG.java:1244)
	at org.testng.TestNG.runSuitesLocally(TestNG.java:1169)
	at org.testng.TestNG.run(TestNG.java:1064)
	at org.testng.remote.RemoteTestNG.run(RemoteTestNG.java:113)
	at org.testng.remote.RemoteTestNG.initAndRun(RemoteTestNG.java:206)
	at org.testng.remote.RemoteTestNG.main(RemoteTestNG.java:177)
]]>
    </error>
  </testcase> <!-- launch -->
</testsuite> <!-- com.accenture.selenium.Launch -->
